<?xml version="1.0" encoding="UTF-8"?>
<!-- Generated by org.testng.reporters.JUnitReportReporter -->
<testsuite hostname="Sarath" failures="0" tests="1" name="testcases.ItemTest" time="51.729" errors="0" timestamp="2021-06-26T18:09:08 IST" skipped="0">
  <testcase classname="testcases.ItemTest" name="clickSaveLocationBtnByFillingMandatoryFields" time="51.729"/>
  <system-out/>
</testsuite> <!-- testcases.ItemTest -->
