<?xml version="1.0" encoding="UTF-8"?>
<!-- Generated by org.testng.reporters.JUnitReportReporter -->
<testsuite hostname="Sarath" failures="0" tests="1" name="testcases.ItemTest" time="47.694" errors="0" timestamp="2021-06-28T17:03:41 IST" skipped="0">
  <testcase classname="testcases.ItemTest" name="addAnotherCustomField" time="47.694"/>
  <system-out/>
</testsuite> <!-- testcases.ItemTest -->
