<?xml version="1.0" encoding="UTF-8"?>
<!-- Generated by org.testng.reporters.JUnitReportReporter -->
<testsuite hostname="Sarath" failures="0" tests="3" name="testcases.LoginTest" time="51.457" errors="0" timestamp="2021-06-19T20:07:46 IST" skipped="0">
  <testcase classname="testcases.LoginTest" name="loginTest" time="17.963"/>
  <system-out/>
  <testcase classname="testcases.LoginTest" name="loginTest" time="16.214"/>
  <system-out/>
  <testcase classname="testcases.LoginTest" name="loginTest" time="17.280"/>
  <system-out/>
</testsuite> <!-- testcases.LoginTest -->
