<?xml version="1.0" encoding="UTF-8"?>
<!-- Generated by org.testng.reporters.JUnitReportReporter -->
<testsuite skipped="0" hostname="Sarath" name="testcases.ItemTest" tests="1" failures="0" timestamp="2021-06-27T16:14:04 IST" time="49.376" errors="0">
  <testcase name="clickSaveLocationBtnByFillingMandatoryFields" time="49.376" classname="testcases.ItemTest"/>
  <system-out/>
</testsuite> <!-- testcases.ItemTest -->
